<?xml version="1.0" encoding="utf-8"?><testsuites name="pytest tests"><testsuite name="pytest" errors="0" failures="1" skipped="0" tests="10" time="1.858" timestamp="2026-03-24T03:57:15.723411+00:00" hostname="agent-env-15254e55-79d3-43ec-9aa8-7ac4f6441680"><testcase classname="backend.tests.test_fitsiomax_v3_api" name="test_v3_login_all_6_roles" time="0.475" /><testcase classname="backend.tests.test_fitsiomax_v3_api" name="test_business_dev_can_manage_sheet_connection" time="0.518" /><testcase classname="backend.tests.test_fitsiomax_v3_api" name="test_sync_multitab_import_sets_source_tab" time="0.091" /><testcase classname="backend.tests.test_fitsiomax_v3_api" name="test_manual_lead_creation_works_for_presales" time="0.048" /><testcase classname="backend.tests.test_fitsiomax_v3_api" name="test_presales_qualify_and_assign_branch" time="0.131" /><testcase classname="backend.tests.test_fitsiomax_v3_api" name="test_branch_admin_confirm_booking_available_doctors_and_stage_update" time="0.222" /><testcase classname="backend.tests.test_fitsiomax_v3_api" name="test_head_physio_today_new_views_show_branch_appointments" time="0.049"><failure message="assert False&#10; +  where False = any(&lt;generator object test_head_physio_today_new_views_show_branch_appointments.&lt;locals&gt;.&lt;genexpr&gt; at 0xff7eb91e93c0&gt;)">backend/tests/test_fitsiomax_v3_api.py:397: in test_head_physio_today_new_views_show_branch_appointments
    assert any(row["id"] for row in rows_today)
E   assert False
E    +  where False = any(&lt;generator object test_head_physio_today_new_views_show_branch_appointments.&lt;locals&gt;.&lt;genexpr&gt; at 0xff7eb91e93c0&gt;)</failure></testcase><testcase classname="backend.tests.test_fitsiomax_v3_api" name="test_complete_appointment_updates_appointment_and_lead_status" time="0.137" /><testcase classname="backend.tests.test_fitsiomax_v3_api" name="test_branch_creation_with_admin_credentials_works" time="0.000" /><testcase classname="backend.tests.test_fitsiomax_v3_api" name="test_master_and_branch_board_counters_load" time="0.094" /></testsuite></testsuites>