<?xml version="1.0" encoding="utf-8"?><testsuites name="pytest tests"><testsuite name="pytest" errors="0" failures="0" skipped="0" tests="10" time="4.204" timestamp="2026-05-24T12:01:00.946467+00:00" hostname="agent-env-cfbe7203-f936-4d90-b773-6fdf1314a620"><testcase classname="backend.tests.test_branch_detail_iteration27.TestBranchDetail" name="test_detail_super_admin_full_payload" time="1.109" /><testcase classname="backend.tests.test_branch_detail_iteration27.TestBranchDetail" name="test_detail_business_dev_role_allowed" time="0.622" /><testcase classname="backend.tests.test_branch_detail_iteration27.TestBranchDetail" name="test_detail_forbidden_presales" time="0.537" /><testcase classname="backend.tests.test_branch_detail_iteration27.TestBranchDetail" name="test_detail_forbidden_branch_admin" time="0.482" /><testcase classname="backend.tests.test_branch_detail_iteration27.TestBranchDetail" name="test_detail_forbidden_physio" time="0.464" /><testcase classname="backend.tests.test_branch_detail_iteration27.TestBranchDetail" name="test_detail_404_bad_branch_id" time="0.115" /><testcase classname="backend.tests.test_branch_detail_iteration27.TestBranchDetail" name="test_detail_admin_user_returned" time="0.120" /><testcase classname="backend.tests.test_branch_detail_iteration27.TestExtendedUpdate" name="test_update_opened_date_and_opening_hours_persist" time="0.258" /><testcase classname="backend.tests.test_branch_detail_iteration27.TestExtendedUpdate" name="test_update_partial_only_opened_date" time="0.122" /><testcase classname="backend.tests.test_branch_detail_iteration27.TestExtendedUpdate" name="test_v3branchout_includes_new_fields" time="0.288" /></testsuite></testsuites>