<?xml version="1.0" encoding="utf-8"?><testsuites name="pytest tests"><testsuite name="pytest" errors="0" failures="0" skipped="0" tests="16" time="4.548" timestamp="2026-03-24T08:28:17.163038+00:00" hostname="agent-env-e8665d4a-8e5c-4c5c-b1bc-d91ebf2f63b5"><testcase classname="backend.tests.test_presales_iteration16.TestAuthAndSetup" name="test_presales_login" time="0.240" /><testcase classname="backend.tests.test_presales_iteration16.TestAuthAndSetup" name="test_admin_login" time="0.101" /><testcase classname="backend.tests.test_presales_iteration16.TestBranches" name="test_get_branches" time="0.208" /><testcase classname="backend.tests.test_presales_iteration16.TestLeads" name="test_get_leads" time="0.230" /><testcase classname="backend.tests.test_presales_iteration16.TestLeads" name="test_create_lead_for_testing" time="0.208" /><testcase classname="backend.tests.test_presales_iteration16.TestMoveStage" name="test_move_stage_endpoint" time="0.439" /><testcase classname="backend.tests.test_presales_iteration16.TestAssignBranch" name="test_assign_branch_endpoint" time="0.460" /><testcase classname="backend.tests.test_presales_iteration16.TestDoctors" name="test_get_doctors" time="0.211" /><testcase classname="backend.tests.test_presales_iteration16.TestDoctors" name="test_get_doctors_by_branch" time="0.315" /><testcase classname="backend.tests.test_presales_iteration16.TestDoctors" name="test_get_available_doctors" time="0.351" /><testcase classname="backend.tests.test_presales_iteration16.TestBookAppointment" name="test_book_appointment_requires_auth" time="0.107" /><testcase classname="backend.tests.test_presales_iteration16.TestBookAppointment" name="test_book_appointment_endpoint_exists" time="0.462" /><testcase classname="backend.tests.test_presales_iteration16.TestMasterBoard" name="test_get_master_board" time="0.210" /><testcase classname="backend.tests.test_presales_iteration16.TestLeadActivity" name="test_get_lead_activity" time="0.305" /><testcase classname="backend.tests.test_presales_iteration16.TestLeadRemarks" name="test_get_lead_remarks" time="0.314" /><testcase classname="backend.tests.test_presales_iteration16.TestLeadFollowUps" name="test_get_lead_followups" time="0.304" /></testsuite></testsuites>