<?xml version="1.0" encoding="utf-8"?><testsuites name="pytest tests"><testsuite name="pytest" errors="0" failures="0" skipped="0" tests="4" time="0.828" timestamp="2026-03-24T05:47:14.563725+00:00" hostname="agent-env-15254e55-79d3-43ec-9aa8-7ac4f6441680"><testcase classname="backend.tests.test_fitsiomax_v3_presales_iteration13" name="test_v3_put_lead_edit_updates_core_and_extra_fields" time="0.417" /><testcase classname="backend.tests.test_fitsiomax_v3_presales_iteration13" name="test_v3_date_filter_includes_recent_created_lead" time="0.088" /><testcase classname="backend.tests.test_fitsiomax_v3_presales_iteration13" name="test_v3_date_filter_excludes_lead_outside_future_window" time="0.086" /><testcase classname="backend.tests.test_fitsiomax_v3_presales_iteration13" name="test_v3_presales_stage_filters_regression" time="0.180" /></testsuite></testsuites>