<?xml version="1.0" encoding="utf-8"?><testsuites name="pytest tests"><testsuite name="pytest" errors="0" failures="0" skipped="0" tests="19" time="2.863" timestamp="2026-03-24T07:57:19.501617+00:00" hostname="agent-env-e8665d4a-8e5c-4c5c-b1bc-d91ebf2f63b5"><testcase classname="backend.tests.test_presales_board_iteration15.TestPreSalesAuthentication" name="test_presales_login_success" time="0.177" /><testcase classname="backend.tests.test_presales_board_iteration15.TestPreSalesAuthentication" name="test_presales_login_invalid_credentials" time="0.099" /><testcase classname="backend.tests.test_presales_board_iteration15.TestLeadOperations" name="test_get_leads" time="0.249" /><testcase classname="backend.tests.test_presales_board_iteration15.TestLeadOperations" name="test_create_manual_lead" time="0.103" /><testcase classname="backend.tests.test_presales_board_iteration15.TestRemarksAPI" name="test_add_remark_to_lead" time="0.215" /><testcase classname="backend.tests.test_presales_board_iteration15.TestRemarksAPI" name="test_get_remarks_for_lead" time="0.118" /><testcase classname="backend.tests.test_presales_board_iteration15.TestRemarksAPI" name="test_add_remark_to_nonexistent_lead" time="0.134" /><testcase classname="backend.tests.test_presales_board_iteration15.TestFollowUpsAPI" name="test_add_followup_to_lead" time="0.113" /><testcase classname="backend.tests.test_presales_board_iteration15.TestFollowUpsAPI" name="test_get_followups_for_lead" time="0.106" /><testcase classname="backend.tests.test_presales_board_iteration15.TestFollowUpsAPI" name="test_complete_followup" time="0.290" /><testcase classname="backend.tests.test_presales_board_iteration15.TestMoveStageAPI" name="test_move_lead_to_presales_qualified" time="0.098" /><testcase classname="backend.tests.test_presales_board_iteration15.TestMoveStageAPI" name="test_move_lead_to_assigned_to_branch" time="0.107" /><testcase classname="backend.tests.test_presales_board_iteration15.TestMoveStageAPI" name="test_move_lead_invalid_stage" time="0.113" /><testcase classname="backend.tests.test_presales_board_iteration15.TestActivityAPI" name="test_get_activity_for_lead" time="0.104" /><testcase classname="backend.tests.test_presales_board_iteration15.TestActivityAPI" name="test_activity_created_after_stage_move" time="0.313" /><testcase classname="backend.tests.test_presales_board_iteration15.TestMasterBoardMetrics" name="test_get_master_board" time="0.107" /><testcase classname="backend.tests.test_presales_board_iteration15.TestLeadFiltering" name="test_filter_leads_by_stage" time="0.113" /><testcase classname="backend.tests.test_presales_board_iteration15.TestLeadFiltering" name="test_filter_leads_by_search" time="0.100" /><testcase classname="backend.tests.test_presales_board_iteration15.TestBranchOperations" name="test_get_branches" time="0.118" /></testsuite></testsuites>