<?xml version="1.0" encoding="utf-8"?><testsuites name="pytest tests"><testsuite name="pytest" errors="0" failures="0" skipped="0" tests="14" time="3.011" timestamp="2026-03-24T04:04:34.934146+00:00" hostname="agent-env-15254e55-79d3-43ec-9aa8-7ac4f6441680"><testcase classname="backend.tests.test_fitsiomax_v3_api" name="test_v3_login_all_6_roles" time="0.493" /><testcase classname="backend.tests.test_fitsiomax_v3_api" name="test_business_dev_can_manage_sheet_connection" time="0.509" /><testcase classname="backend.tests.test_fitsiomax_v3_api" name="test_sync_multitab_import_sets_source_tab" time="0.090" /><testcase classname="backend.tests.test_fitsiomax_v3_api" name="test_manual_lead_creation_works_for_presales" time="0.081" /><testcase classname="backend.tests.test_fitsiomax_v3_api" name="test_presales_qualify_and_assign_branch" time="0.133" /><testcase classname="backend.tests.test_fitsiomax_v3_api" name="test_branch_admin_confirm_booking_available_doctors_and_stage_update" time="0.226" /><testcase classname="backend.tests.test_fitsiomax_v3_api" name="test_head_physio_today_new_views_show_branch_appointments" time="0.086" /><testcase classname="backend.tests.test_fitsiomax_v3_api" name="test_complete_appointment_updates_appointment_and_lead_status" time="0.129" /><testcase classname="backend.tests.test_fitsiomax_v3_api" name="test_branch_creation_with_admin_credentials_works" time="0.000" /><testcase classname="backend.tests.test_fitsiomax_v3_api" name="test_master_and_branch_board_counters_load" time="0.095" /><testcase classname="backend.tests.test_fitsiomax_v3_role_visibility" name="test_head_physio_can_view_today_and_new_appointments" time="0.837" /><testcase classname="backend.tests.test_fitsiomax_v3_role_visibility" name="test_physio_can_view_today_and_new_appointments" time="0.127" /><testcase classname="backend.tests.test_fitsiomax_v3_role_visibility" name="test_head_physio_complete_updates_status_and_lead_stage" time="0.094" /><testcase classname="backend.tests.test_fitsiomax_v3_role_visibility" name="test_physio_complete_endpoint_available_for_role" time="0.049" /></testsuite></testsuites>