<?xml version="1.0" encoding="utf-8"?><testsuites name="pytest tests"><testsuite name="pytest" errors="0" failures="0" skipped="0" tests="6" time="1.818" timestamp="2026-03-24T05:16:45.533284+00:00" hostname="agent-env-15254e55-79d3-43ec-9aa8-7ac4f6441680"><testcase classname="backend.tests.test_fitsiomax_v3_iteration9_retest" name="test_default_branch_admin_has_non_null_branch_id" time="0.230" /><testcase classname="backend.tests.test_fitsiomax_v3_iteration9_retest" name="test_confirm_endpoint_returns_scoped_error_for_out_of_branch_lead" time="0.468" /><testcase classname="backend.tests.test_fitsiomax_v3_iteration9_retest" name="test_sheet_connection_callback_url_is_env_driven" time="0.093" /><testcase classname="backend.tests.test_fitsiomax_v3_iteration9_retest" name="test_default_branch_admin_confirm_check_doctor_and_book_flow" time="0.547" /><testcase classname="backend.tests.test_fitsiomax_v3_iteration9_retest" name="test_head_physio_and_physio_operational_endpoints_load" time="0.282" /><testcase classname="backend.tests.test_fitsiomax_v3_iteration9_retest" name="test_source_tab_filter_returns_live_backend_leads" time="0.135" /></testsuite></testsuites>