<?xml version="1.0" encoding="utf-8"?><testsuites name="pytest tests"><testsuite name="pytest" errors="0" failures="0" skipped="0" tests="43" time="21.702" timestamp="2026-03-24T09:21:34.143265+00:00" hostname="agent-env-cfbe7203-f936-4d90-b773-6fdf1314a620"><testcase classname="backend.tests.test_v3_regression.TestV3Root" name="test_v3_root" time="0.250" /><testcase classname="backend.tests.test_v3_regression.TestV3AuthLogin" name="test_demo_user_login[user0]" time="0.348" /><testcase classname="backend.tests.test_v3_regression.TestV3AuthLogin" name="test_demo_user_login[user1]" time="0.328" /><testcase classname="backend.tests.test_v3_regression.TestV3AuthLogin" name="test_demo_user_login[user2]" time="0.325" /><testcase classname="backend.tests.test_v3_regression.TestV3AuthLogin" name="test_demo_user_login[user3]" time="0.351" /><testcase classname="backend.tests.test_v3_regression.TestV3AuthLogin" name="test_demo_user_login[user4]" time="0.322" /><testcase classname="backend.tests.test_v3_regression.TestV3AuthLogin" name="test_demo_user_login[user5]" time="0.326" /><testcase classname="backend.tests.test_v3_regression.TestV3AuthLogin" name="test_login_invalid_credentials" time="0.335" /><testcase classname="backend.tests.test_v3_regression.TestV3AuthLogin" name="test_login_nonexistent_user" time="0.097" /><testcase classname="backend.tests.test_v3_regression.TestV3Branches" name="test_list_branches" time="0.433" /><testcase classname="backend.tests.test_v3_regression.TestV3Branches" name="test_create_branch" time="0.691" /><testcase classname="backend.tests.test_v3_regression.TestV3Branches" name="test_update_branch" time="0.825" /><testcase classname="backend.tests.test_v3_regression.TestV3Branches" name="test_delete_branch" time="0.785" /><testcase classname="backend.tests.test_v3_regression.TestV3Leads" name="test_list_leads" time="0.436" /><testcase classname="backend.tests.test_v3_regression.TestV3Leads" name="test_create_manual_lead" time="0.435" /><testcase classname="backend.tests.test_v3_regression.TestV3Leads" name="test_qualify_lead" time="0.538" /><testcase classname="backend.tests.test_v3_regression.TestV3Leads" name="test_assign_branch" time="0.958" /><testcase classname="backend.tests.test_v3_regression.TestV3Leads" name="test_move_stage" time="0.511" /><testcase classname="backend.tests.test_v3_regression.TestV3BranchBoard" name="test_get_branch_board" time="0.420" /><testcase classname="backend.tests.test_v3_regression.TestV3BranchAdminActions" name="test_branch_stage_move" time="0.864" /><testcase classname="backend.tests.test_v3_regression.TestV3BranchAdminActions" name="test_collect_consultation_fee" time="0.882" /><testcase classname="backend.tests.test_v3_regression.TestV3BranchAdminActions" name="test_collect_package_fee" time="0.849" /><testcase classname="backend.tests.test_v3_regression.TestV3Doctors" name="test_list_doctors" time="0.439" /><testcase classname="backend.tests.test_v3_regression.TestV3Doctors" name="test_create_doctor" time="0.455" /><testcase classname="backend.tests.test_v3_regression.TestV3Doctors" name="test_add_slots" time="0.530" /><testcase classname="backend.tests.test_v3_regression.TestV3Doctors" name="test_available_doctors" time="0.424" /><testcase classname="backend.tests.test_v3_regression.TestV3Appointments" name="test_list_appointments" time="0.426" /><testcase classname="backend.tests.test_v3_regression.TestV3Dashboard" name="test_bd_summary" time="0.446" /><testcase classname="backend.tests.test_v3_regression.TestV3Dashboard" name="test_lead_sources" time="0.428" /><testcase classname="backend.tests.test_v3_regression.TestV3Dashboard" name="test_master_board" time="0.427" /><testcase classname="backend.tests.test_v3_regression.TestV3Dashboard" name="test_branch_board" time="0.546" /><testcase classname="backend.tests.test_v3_regression.TestV3LeadDetails" name="test_add_remark" time="0.553" /><testcase classname="backend.tests.test_v3_regression.TestV3LeadDetails" name="test_get_remarks" time="0.507" /><testcase classname="backend.tests.test_v3_regression.TestV3LeadDetails" name="test_add_follow_up" time="0.511" /><testcase classname="backend.tests.test_v3_regression.TestV3LeadDetails" name="test_get_follow_ups" time="0.565" /><testcase classname="backend.tests.test_v3_regression.TestV3LeadDetails" name="test_get_activity" time="0.529" /><testcase classname="backend.tests.test_v3_regression.TestV3TeamMembers" name="test_list_team_members" time="0.414" /><testcase classname="backend.tests.test_v3_regression.TestV3TeamMembers" name="test_create_team_member" time="0.434" /><testcase classname="backend.tests.test_v3_regression.TestV3Sheets" name="test_create_sheet_connection" time="0.437" /><testcase classname="backend.tests.test_v3_regression.TestV3Sheets" name="test_list_sheet_connections" time="0.604" /><testcase classname="backend.tests.test_v3_regression.TestV3Sheets" name="test_save_mapping" time="0.546" /><testcase classname="backend.tests.test_v3_regression.TestV3Verticals" name="test_list_verticals" time="0.481" /><testcase classname="backend.tests.test_v3_regression.TestV3Logout" name="test_logout" time="0.563" /></testsuite></testsuites>