<?xml version="1.0" encoding="utf-8"?><testsuites name="pytest tests"><testsuite name="pytest" errors="0" failures="0" skipped="0" tests="16" time="3.912" timestamp="2026-03-24T09:37:52.111484+00:00" hostname="agent-env-cfbe7203-f936-4d90-b773-6fdf1314a620"><testcase classname="backend.tests.test_head_physio_calendar_iteration19.TestBranchAdminLogin" name="test_branch_admin_login_success" time="0.378" /><testcase classname="backend.tests.test_head_physio_calendar_iteration19.TestCreateHeadPhysio" name="test_create_head_physio_success" time="0.547" /><testcase classname="backend.tests.test_head_physio_calendar_iteration19.TestCreateHeadPhysio" name="test_create_head_physio_duplicate_email" time="0.317" /><testcase classname="backend.tests.test_head_physio_calendar_iteration19.TestCreateHeadPhysio" name="test_create_head_physio_missing_fields" time="0.044" /><testcase classname="backend.tests.test_head_physio_calendar_iteration19.TestDoctorCalendar" name="test_get_doctor_calendar_empty" time="0.337" /><testcase classname="backend.tests.test_head_physio_calendar_iteration19.TestDoctorCalendar" name="test_get_calendar_nonexistent_doctor" time="0.047" /><testcase classname="backend.tests.test_head_physio_calendar_iteration19.TestAddCalendarSlots" name="test_add_single_slot" time="0.331" /><testcase classname="backend.tests.test_head_physio_calendar_iteration19.TestAddCalendarSlots" name="test_add_multiple_slots_different_types" time="0.046" /><testcase classname="backend.tests.test_head_physio_calendar_iteration19.TestAddCalendarSlots" name="test_add_slots_nonexistent_doctor" time="0.044" /><testcase classname="backend.tests.test_head_physio_calendar_iteration19.TestRemoveCalendarSlots" name="test_remove_single_slot" time="0.429" /><testcase classname="backend.tests.test_head_physio_calendar_iteration19.TestRemoveCalendarSlots" name="test_remove_multiple_slots" time="0.045" /><testcase classname="backend.tests.test_head_physio_calendar_iteration19.TestRemoveCalendarSlots" name="test_remove_slots_nonexistent_doctor" time="0.046" /><testcase classname="backend.tests.test_head_physio_calendar_iteration19.TestCalendarIntegration" name="test_full_calendar_workflow" time="0.529" /><testcase classname="backend.tests.test_head_physio_calendar_iteration19.TestExistingDoctorsEndpoint" name="test_get_doctors_list" time="0.047" /><testcase classname="backend.tests.test_head_physio_calendar_iteration19.TestExistingDoctorsEndpoint" name="test_get_doctors_by_branch" time="0.314" /><testcase classname="backend.tests.test_head_physio_calendar_iteration19.TestBranchBoardRegression" name="test_get_branch_board" time="0.323" /></testsuite></testsuites>