<?xml version="1.0" encoding="utf-8"?><testsuites name="pytest tests"><testsuite name="pytest" errors="0" failures="0" skipped="0" tests="11" time="8.284" timestamp="2026-05-13T02:49:45.862859+00:00" hostname="agent-env-cfbe7203-f936-4d90-b773-6fdf1314a620"><testcase classname="backend.tests.test_marketing_iteration22" name="test_dashboard_super_admin" time="0.682" /><testcase classname="backend.tests.test_marketing_iteration22" name="test_dashboard_forbidden_for_other_roles" time="2.220" /><testcase classname="backend.tests.test_marketing_iteration22" name="test_distribution_settings_flow" time="0.453" /><testcase classname="backend.tests.test_marketing_iteration22" name="test_team_members_get_and_create" time="0.683" /><testcase classname="backend.tests.test_marketing_iteration22" name="test_sources_list" time="0.309" /><testcase classname="backend.tests.test_marketing_iteration22" name="test_source_update" time="0.259" /><testcase classname="backend.tests.test_marketing_iteration22" name="test_sync_dedupe_and_round_robin" time="0.944" /><testcase classname="backend.tests.test_marketing_iteration22" name="test_all_leads_filters" time="0.139" /><testcase classname="backend.tests.test_marketing_iteration22" name="test_performance" time="0.130" /><testcase classname="backend.tests.test_marketing_iteration22" name="test_regression_master_board" time="0.128" /><testcase classname="backend.tests.test_marketing_iteration22" name="test_regression_all_roles_login" time="2.274" /></testsuite></testsuites>