<?xml version="1.0" encoding="utf-8"?><testsuites name="pytest tests"><testsuite name="pytest" errors="0" failures="0" skipped="0" tests="31" time="43.671" timestamp="2026-05-12T17:57:54.839247+00:00" hostname="agent-env-cfbe7203-f936-4d90-b773-6fdf1314a620"><testcase classname="tests.test_session_lifecycle_iteration21" name="test_login_all_roles[super_admin]" time="0.424" /><testcase classname="tests.test_session_lifecycle_iteration21" name="test_login_all_roles[business_dev]" time="0.368" /><testcase classname="tests.test_session_lifecycle_iteration21" name="test_login_all_roles[pre_sales]" time="0.368" /><testcase classname="tests.test_session_lifecycle_iteration21" name="test_login_all_roles[branch_admin]" time="0.351" /><testcase classname="tests.test_session_lifecycle_iteration21" name="test_login_all_roles[head_physio]" time="0.351" /><testcase classname="tests.test_session_lifecycle_iteration21" name="test_login_all_roles[physio]" time="0.349" /><testcase classname="tests.test_session_lifecycle_iteration21" name="test_login_invalid" time="0.378" /><testcase classname="tests.test_session_lifecycle_iteration21" name="test_hp_my_patients" time="2.315" /><testcase classname="tests.test_session_lifecycle_iteration21" name="test_hp_my_patients_forbidden_for_presales" time="2.382" /><testcase classname="tests.test_session_lifecycle_iteration21" name="test_hp_recommend_package" time="4.137" /><testcase classname="tests.test_session_lifecycle_iteration21" name="test_hp_weekly_review_upsert" time="2.464" /><testcase classname="tests.test_session_lifecycle_iteration21" name="test_branch_recommendations_list" time="2.291" /><testcase classname="tests.test_session_lifecycle_iteration21" name="test_branch_create_jr_physio" time="2.463" /><testcase classname="tests.test_session_lifecycle_iteration21" name="test_branch_assign_sessions" time="2.278" /><testcase classname="tests.test_session_lifecycle_iteration21" name="test_physio_today" time="2.277" /><testcase classname="tests.test_session_lifecycle_iteration21" name="test_physio_calendar" time="2.261" /><testcase classname="tests.test_session_lifecycle_iteration21" name="test_physio_patients" time="2.285" /><testcase classname="tests.test_session_lifecycle_iteration21" name="test_physio_sessions_for_lead_and_complete" time="2.628" /><testcase classname="tests.test_session_lifecycle_iteration21" name="test_physio_weekly_assessment_submit" time="2.315" /><testcase classname="tests.test_session_lifecycle_iteration21" name="test_patient_view_no_internal_leak" time="0.146" /><testcase classname="tests.test_session_lifecycle_iteration21" name="test_patient_view_invalid_token" time="0.145" /><testcase classname="tests.test_session_lifecycle_iteration21" name="test_branch_finance_default" time="2.333" /><testcase classname="tests.test_session_lifecycle_iteration21" name="test_branch_finance_filters" time="2.630" /><testcase classname="tests.test_session_lifecycle_iteration21" name="test_branch_board_loads" time="2.497" /><testcase classname="tests.test_session_lifecycle_iteration21" name="test_dashboard_loads_for_super_admin" time="2.332" /><testcase classname="tests.test_session_lifecycle_iteration21" name="test_endpoints_require_auth[/api/v3/head-physio/my-patients]" time="0.136" /><testcase classname="tests.test_session_lifecycle_iteration21" name="test_endpoints_require_auth[/api/v3/physio/today]" time="0.132" /><testcase classname="tests.test_session_lifecycle_iteration21" name="test_endpoints_require_auth[/api/v3/physio/calendar]" time="0.130" /><testcase classname="tests.test_session_lifecycle_iteration21" name="test_endpoints_require_auth[/api/v3/physio/patients]" time="0.164" /><testcase classname="tests.test_session_lifecycle_iteration21" name="test_endpoints_require_auth[/api/v3/branch/package-recommendations]" time="0.118" /><testcase classname="tests.test_session_lifecycle_iteration21" name="test_endpoints_require_auth[/api/v3/branch/finance]" time="0.130" /></testsuite></testsuites>