<?xml version="1.0" encoding="utf-8"?><testsuites name="pytest tests"><testsuite name="pytest" errors="0" failures="0" skipped="0" tests="17" time="1.942" timestamp="2026-03-24T08:54:30.890155+00:00" hostname="agent-env-e8665d4a-8e5c-4c5c-b1bc-d91ebf2f63b5"><testcase classname="backend.tests.test_branch_admin_iteration17.TestBranchAdminLogin" name="test_branch_admin_login_success" time="0.196" /><testcase classname="backend.tests.test_branch_admin_iteration17.TestBranchAdminLogin" name="test_branch_admin_has_branch_id" time="0.138" /><testcase classname="backend.tests.test_branch_admin_iteration17.TestBranchBoardEndpoint" name="test_get_branch_board_success" time="0.045" /><testcase classname="backend.tests.test_branch_admin_iteration17.TestBranchBoardEndpoint" name="test_branch_board_leads_have_branch_stage" time="0.044" /><testcase classname="backend.tests.test_branch_admin_iteration17.TestBranchStageMovement" name="test_move_lead_to_call_confirm" time="0.106" /><testcase classname="backend.tests.test_branch_admin_iteration17.TestBranchStageMovement" name="test_move_lead_through_all_stages" time="0.188" /><testcase classname="backend.tests.test_branch_admin_iteration17.TestBranchStageMovement" name="test_invalid_branch_stage_rejected" time="0.115" /><testcase classname="backend.tests.test_branch_admin_iteration17.TestConsultationFeeCollection" name="test_collect_consultation_fee" time="0.095" /><testcase classname="backend.tests.test_branch_admin_iteration17.TestConsultationFeeCollection" name="test_collect_fee_requires_valid_amount" time="0.091" /><testcase classname="backend.tests.test_branch_admin_iteration17.TestPackagePayment" name="test_collect_package_fee" time="0.090" /><testcase classname="backend.tests.test_branch_admin_iteration17.TestPhysioAssignment" name="test_get_physio_list" time="0.043" /><testcase classname="backend.tests.test_branch_admin_iteration17.TestPhysioAssignment" name="test_assign_jr_physio" time="0.138" /><testcase classname="backend.tests.test_branch_admin_iteration17.TestPhysioAssignment" name="test_assign_invalid_physio_fails" time="0.085" /><testcase classname="backend.tests.test_branch_admin_iteration17.TestHeadPhysioAppointment" name="test_get_head_physios" time="0.043" /><testcase classname="backend.tests.test_branch_admin_iteration17.TestHeadPhysioAppointment" name="test_book_head_physio_appointment" time="0.141" /><testcase classname="backend.tests.test_branch_admin_iteration17.TestActivityLog" name="test_activity_log_created_on_stage_change" time="0.163" /><testcase classname="backend.tests.test_branch_admin_iteration17.TestRemarksForBranchLeads" name="test_add_remark_to_lead" time="0.135" /></testsuite></testsuites>