<?xml version="1.0" encoding="utf-8"?><testsuites name="pytest tests"><testsuite name="pytest" errors="0" failures="0" skipped="0" tests="10" time="3.314" timestamp="2026-05-24T08:55:41.371647+00:00" hostname="agent-env-cfbe7203-f936-4d90-b773-6fdf1314a620"><testcase classname="backend.tests.test_stages_iteration23.TestStagesList" name="test_presales_stages_seeded" time="0.503" /><testcase classname="backend.tests.test_stages_iteration23.TestStagesList" name="test_sales_stages_seeded" time="0.134" /><testcase classname="backend.tests.test_stages_iteration23.TestStagesCRUD" name="test_create_stage_super_admin" time="0.219" /><testcase classname="backend.tests.test_stages_iteration23.TestStagesCRUD" name="test_create_stage_non_super_admin_rejected" time="0.466" /><testcase classname="backend.tests.test_stages_iteration23.TestStagesCRUD" name="test_patch_stage_renames_and_propagates" time="0.327" /><testcase classname="backend.tests.test_stages_iteration23.TestStagesCRUD" name="test_delete_stage_succeeds_when_no_leads" time="0.217" /><testcase classname="backend.tests.test_stages_iteration23.TestStagesCRUD" name="test_delete_stage_blocked_when_in_use" time="0.230" /><testcase classname="backend.tests.test_stages_iteration23.TestStagesCRUD" name="test_reorder_stages" time="0.340" /><testcase classname="backend.tests.test_stages_iteration23.TestLeadNewFields" name="test_put_lead_with_new_fields" time="0.371" /><testcase classname="backend.tests.test_stages_iteration23.TestMarketingSyncRegression" name="test_marketing_sync_lead_stage_new_lead" time="0.457" /></testsuite></testsuites>