<?xml version="1.0" encoding="utf-8"?><testsuites name="pytest tests"><testsuite name="pytest" errors="0" failures="1" skipped="0" tests="23" time="3.537" timestamp="2026-05-24T09:10:07.911149+00:00" hostname="agent-env-cfbe7203-f936-4d90-b773-6fdf1314a620"><testcase classname="backend.tests.test_hr_iteration24.TestHRMeta" name="test_meta" time="0.594" /><testcase classname="backend.tests.test_hr_iteration24.TestHRMeta" name="test_dashboard" time="0.049" /><testcase classname="backend.tests.test_hr_iteration24.TestHRMeta" name="test_meta_requires_auth" time="0.145"><failure message="assert 422 in (401, 403)&#10; +  where 422 = &lt;Response [422]&gt;.status_code">backend/tests/test_hr_iteration24.py:76: in test_meta_requires_auth
    assert r.status_code in (401, 403)
E   assert 422 in (401, 403)
E    +  where 422 = &lt;Response [422]&gt;.status_code</failure></testcase><testcase classname="backend.tests.test_hr_iteration24.TestHREmployees" name="test_create_employee_auto_code" time="0.071" /><testcase classname="backend.tests.test_hr_iteration24.TestHREmployees" name="test_list_employees_filter" time="0.096" /><testcase classname="backend.tests.test_hr_iteration24.TestHREmployees" name="test_patch_employee" time="0.051" /><testcase classname="backend.tests.test_hr_iteration24.TestHREmployees" name="test_patch_employee_404" time="0.047" /><testcase classname="backend.tests.test_hr_iteration24.TestHRUsers" name="test_create_user_linked" time="0.291" /><testcase classname="backend.tests.test_hr_iteration24.TestHRUsers" name="test_create_user_unlinked" time="0.273" /><testcase classname="backend.tests.test_hr_iteration24.TestHRUsers" name="test_create_user_duplicate_email" time="0.047" /><testcase classname="backend.tests.test_hr_iteration24.TestHRUsers" name="test_list_users_enriched" time="0.047" /><testcase classname="backend.tests.test_hr_iteration24.TestHRUsers" name="test_list_users_role_filter" time="0.047" /><testcase classname="backend.tests.test_hr_iteration24.TestHRUsers" name="test_list_users_search" time="0.059" /><testcase classname="backend.tests.test_hr_iteration24.TestHRUsers" name="test_update_role_valid" time="0.093" /><testcase classname="backend.tests.test_hr_iteration24.TestHRUsers" name="test_update_role_invalid" time="0.047" /><testcase classname="backend.tests.test_hr_iteration24.TestHRUsers" name="test_reset_password_short" time="0.050" /><testcase classname="backend.tests.test_hr_iteration24.TestHRUsers" name="test_reset_password_ok_and_login" time="0.628" /><testcase classname="backend.tests.test_hr_iteration24.TestHRBranchAdminCandidates" name="test_candidates_lists_new_user" time="0.048" /><testcase classname="backend.tests.test_hr_iteration24.TestHRBranchAdminCandidates" name="test_e2e_login_with_new_user" time="0.327" /><testcase classname="backend.tests.test_hr_iteration24.TestHRDeletion" name="test_deactivate_user" time="0.094" /><testcase classname="backend.tests.test_hr_iteration24.TestHRDeletion" name="test_delete_employee_unlinks_user" time="0.095" /><testcase classname="backend.tests.test_hr_iteration24.TestHRDeletion" name="test_delete_employee_404" time="0.046" /><testcase classname="backend.tests.test_hr_iteration24.TestHRDeletion" name="test_cleanup" time="0.183" /></testsuite></testsuites>