<?xml version="1.0" encoding="utf-8"?><testsuites name="pytest tests"><testsuite name="pytest" errors="0" failures="0" skipped="0" tests="18" time="3.129" timestamp="2026-03-24T09:53:20.383451+00:00" hostname="agent-env-cfbe7203-f936-4d90-b773-6fdf1314a620"><testcase classname="backend.tests.test_finance_board_iteration20.TestFinanceBoardBackend" name="test_finance_endpoint_returns_200" time="0.471" /><testcase classname="backend.tests.test_finance_board_iteration20.TestFinanceBoardBackend" name="test_finance_response_structure" time="0.106" /><testcase classname="backend.tests.test_finance_board_iteration20.TestFinanceBoardBackend" name="test_finance_summary_fields" time="0.106" /><testcase classname="backend.tests.test_finance_board_iteration20.TestFinanceBoardBackend" name="test_finance_summary_values_are_numbers" time="0.106" /><testcase classname="backend.tests.test_finance_board_iteration20.TestFinanceBoardBackend" name="test_finance_total_revenue_calculation" time="0.101" /><testcase classname="backend.tests.test_finance_board_iteration20.TestFinanceBoardBackend" name="test_filter_by_consultation_fee_type" time="0.105" /><testcase classname="backend.tests.test_finance_board_iteration20.TestFinanceBoardBackend" name="test_filter_by_package_fee_type" time="0.099" /><testcase classname="backend.tests.test_finance_board_iteration20.TestFinanceBoardBackend" name="test_filter_by_all_fee_type" time="0.216" /><testcase classname="backend.tests.test_finance_board_iteration20.TestFinanceBoardBackend" name="test_search_filter_by_patient_name" time="0.202" /><testcase classname="backend.tests.test_finance_board_iteration20.TestFinanceBoardBackend" name="test_date_range_filter" time="0.119" /><testcase classname="backend.tests.test_finance_board_iteration20.TestFinanceBoardBackend" name="test_transaction_fields" time="0.101" /><testcase classname="backend.tests.test_finance_board_iteration20.TestFinanceBoardBackend" name="test_transaction_fee_type_values" time="0.116" /><testcase classname="backend.tests.test_finance_board_iteration20.TestFinanceBoardBackend" name="test_transaction_amount_is_numeric" time="0.112" /><testcase classname="backend.tests.test_finance_board_iteration20.TestFinanceBoardBackend" name="test_finance_requires_auth" time="0.101" /><testcase classname="backend.tests.test_finance_board_iteration20.TestFinanceBoardBackend" name="test_finance_requires_branch_admin_role" time="0.100" /><testcase classname="backend.tests.test_finance_board_iteration20.TestFinanceBoardDataIntegrity" name="test_consultation_filter_count_matches_summary" time="0.545" /><testcase classname="backend.tests.test_finance_board_iteration20.TestFinanceBoardDataIntegrity" name="test_package_filter_count_matches_summary" time="0.226" /><testcase classname="backend.tests.test_finance_board_iteration20.TestFinanceBoardDataIntegrity" name="test_transactions_sorted_by_date_descending" time="0.121" /></testsuite></testsuites>