<?xml version="1.0" encoding="utf-8"?><testsuites name="pytest tests"><testsuite name="pytest" errors="0" failures="0" skipped="0" tests="17" time="9.538" timestamp="2026-05-24T11:45:49.855271+00:00" hostname="agent-env-cfbe7203-f936-4d90-b773-6fdf1314a620"><testcase classname="backend.tests.test_branch_mgmt_iteration26.TestList" name="test_list_as_super_admin" time="0.507" /><testcase classname="backend.tests.test_branch_mgmt_iteration26.TestList" name="test_list_forbidden_for_presales" time="0.508" /><testcase classname="backend.tests.test_branch_mgmt_iteration26.TestList" name="test_list_unauthorized_without_token" time="0.110" /><testcase classname="backend.tests.test_branch_mgmt_iteration26.TestCreateWithExistingAdmin" name="test_create_success_and_user_branch_id_updated" time="0.952" /><testcase classname="backend.tests.test_branch_mgmt_iteration26.TestCreateWithExistingAdmin" name="test_create_user_not_found" time="0.106" /><testcase classname="backend.tests.test_branch_mgmt_iteration26.TestCreateWithExistingAdmin" name="test_create_role_mismatch" time="0.542" /><testcase classname="backend.tests.test_branch_mgmt_iteration26.TestCreateWithExistingAdmin" name="test_create_user_already_assigned" time="0.780" /><testcase classname="backend.tests.test_branch_mgmt_iteration26.TestCreateWithExistingAdmin" name="test_create_forbidden_for_presales" time="0.576" /><testcase classname="backend.tests.test_branch_mgmt_iteration26.TestCreateWithExistingAdmin" name="test_create_forbidden_for_branch_admin" time="0.880" /><testcase classname="backend.tests.test_branch_mgmt_iteration26.TestReassign" name="test_reassign_success" time="1.396" /><testcase classname="backend.tests.test_branch_mgmt_iteration26.TestReassign" name="test_reassign_branch_not_found" time="0.566" /><testcase classname="backend.tests.test_branch_mgmt_iteration26.TestReassign" name="test_reassign_role_mismatch" time="1.231" /><testcase classname="backend.tests.test_branch_mgmt_iteration26.TestReassign" name="test_reassign_forbidden_for_presales" time="0.768" /><testcase classname="backend.tests.test_branch_mgmt_iteration26.TestPerformance" name="test_performance_summary" time="0.108" /><testcase classname="backend.tests.test_branch_mgmt_iteration26.TestPerformance" name="test_performance_summary_forbidden" time="0.105" /><testcase classname="backend.tests.test_branch_mgmt_iteration26.TestPerformance" name="test_performance_detail_existing_branch" time="0.218" /><testcase classname="backend.tests.test_branch_mgmt_iteration26.TestPerformance" name="test_performance_detail_not_found" time="0.111" /></testsuite></testsuites>