<?xml version="1.0" encoding="utf-8"?><testsuites name="pytest tests"><testsuite name="pytest" errors="0" failures="3" skipped="0" tests="21" time="3.596" timestamp="2026-03-24T07:39:29.299277+00:00" hostname="agent-env-e8665d4a-8e5c-4c5c-b1bc-d91ebf2f63b5"><testcase classname="backend.tests.test_bd_dashboard_iteration14.TestBDLogin" name="test_bd_login_success" time="0.188" /><testcase classname="backend.tests.test_bd_dashboard_iteration14.TestBDLogin" name="test_bd_login_invalid_password" time="0.104" /><testcase classname="backend.tests.test_bd_dashboard_iteration14.TestBDSummaryEndpoint" name="test_bd_summary_returns_correct_structure" time="0.213" /><testcase classname="backend.tests.test_bd_dashboard_iteration14.TestBDSummaryEndpoint" name="test_bd_summary_stage_counts_has_all_stages" time="0.112" /><testcase classname="backend.tests.test_bd_dashboard_iteration14.TestBDSummaryEndpoint" name="test_bd_summary_accessible_by_super_admin" time="0.211" /><testcase classname="backend.tests.test_bd_dashboard_iteration14.TestBDSummaryEndpoint" name="test_bd_summary_forbidden_for_presales" time="0.211" /><testcase classname="backend.tests.test_bd_dashboard_iteration14.TestLeadSourcesEndpoint" name="test_lead_sources_returns_list" time="0.158" /><testcase classname="backend.tests.test_bd_dashboard_iteration14.TestLeadSourcesEndpoint" name="test_lead_sources_item_structure" time="0.103" /><testcase classname="backend.tests.test_bd_dashboard_iteration14.TestLeadSourcesEndpoint" name="test_lead_sources_accessible_by_super_admin" time="0.102" /><testcase classname="backend.tests.test_bd_dashboard_iteration14.TestLeadSourcesEndpoint" name="test_lead_sources_forbidden_for_presales" time="0.130" /><testcase classname="backend.tests.test_bd_dashboard_iteration14.TestBDBranchManagement" name="test_bd_can_list_branches" time="0.102" /><testcase classname="backend.tests.test_bd_dashboard_iteration14.TestBDBranchManagement" name="test_bd_can_create_branch" time="0.229" /><testcase classname="backend.tests.test_bd_dashboard_iteration14.TestBDLeadManagement" name="test_bd_can_list_leads" time="0.107" /><testcase classname="backend.tests.test_bd_dashboard_iteration14.TestBDLeadManagement" name="test_bd_can_qualify_lead" time="0.225"><failure message="assert 403 == 200&#10; +  where 403 = &lt;Response [403]&gt;.status_code">backend/tests/test_bd_dashboard_iteration14.py:295: in test_bd_can_qualify_lead
    assert qualify_response.status_code == 200
E   assert 403 == 200
E    +  where 403 = &lt;Response [403]&gt;.status_code</failure></testcase><testcase classname="backend.tests.test_bd_dashboard_iteration14.TestBDLeadManagement" name="test_bd_can_assign_lead_to_branch" time="0.308"><failure message="assert 403 == 200&#10; +  where 403 = &lt;Response [403]&gt;.status_code">backend/tests/test_bd_dashboard_iteration14.py:336: in test_bd_can_assign_lead_to_branch
    assert assign_response.status_code == 200
E   assert 403 == 200
E    +  where 403 = &lt;Response [403]&gt;.status_code</failure></testcase><testcase classname="backend.tests.test_bd_dashboard_iteration14.TestBDSheetConnections" name="test_bd_can_list_sheet_connections" time="0.109" /><testcase classname="backend.tests.test_bd_dashboard_iteration14.TestBDSheetConnections" name="test_bd_can_create_sheet_connection" time="0.102" /><testcase classname="backend.tests.test_bd_dashboard_iteration14.TestBDSheetConnections" name="test_bd_can_save_field_mapping" time="0.259" /><testcase classname="backend.tests.test_bd_dashboard_iteration14.TestBDSheetConnections" name="test_bd_can_run_sync" time="0.207"><failure message="assert 400 == 200&#10; +  where 400 = &lt;Response [400]&gt;.status_code">backend/tests/test_bd_dashboard_iteration14.py:449: in test_bd_can_run_sync
    assert sync_response.status_code == 200
E   assert 400 == 200
E    +  where 400 = &lt;Response [400]&gt;.status_code</failure></testcase><testcase classname="backend.tests.test_bd_dashboard_iteration14.TestBDLeadFiltering" name="test_filter_leads_by_stage" time="0.094" /><testcase classname="backend.tests.test_bd_dashboard_iteration14.TestBDLeadFiltering" name="test_filter_leads_by_branch" time="0.195" /></testsuite></testsuites>