<?xml version="1.0" encoding="utf-8"?><testsuites name="pytest tests"><testsuite name="pytest" errors="0" failures="0" skipped="0" tests="13" time="7.544" timestamp="2026-05-24T11:25:55.773995+00:00" hostname="agent-env-cfbe7203-f936-4d90-b773-6fdf1314a620"><testcase classname="backend.tests.test_lead_fields_iteration25.TestLeadFieldsList" name="test_list_requires_auth" time="2.537" /><testcase classname="backend.tests.test_lead_fields_iteration25.TestLeadFieldsList" name="test_list_for_all_roles" time="0.788" /><testcase classname="backend.tests.test_lead_fields_iteration25.TestLeadFieldsCreate" name="test_create_select_field_super_admin" time="0.474" /><testcase classname="backend.tests.test_lead_fields_iteration25.TestLeadFieldsCreate" name="test_duplicate_label_returns_409" time="0.460" /><testcase classname="backend.tests.test_lead_fields_iteration25.TestLeadFieldsCreate" name="test_non_super_admin_forbidden" time="0.336" /><testcase classname="backend.tests.test_lead_fields_iteration25.TestLeadFieldsUpdateDelete" name="test_patch_updates_field" time="0.455" /><testcase classname="backend.tests.test_lead_fields_iteration25.TestLeadFieldsUpdateDelete" name="test_patch_bad_id_404" time="0.245" /><testcase classname="backend.tests.test_lead_fields_iteration25.TestLeadFieldsUpdateDelete" name="test_delete_field" time="0.476" /><testcase classname="backend.tests.test_lead_fields_iteration25.TestLeadFieldsUpdateDelete" name="test_delete_bad_id_404" time="0.230" /><testcase classname="backend.tests.test_lead_fields_iteration25.TestLeadsManualExtended" name="test_create_lead_full_payload" time="0.500" /><testcase classname="backend.tests.test_lead_fields_iteration25.TestLeadsManualExtended" name="test_online_physio_no_branch_required" time="0.217" /><testcase classname="backend.tests.test_lead_fields_iteration25.TestLeadsManualExtended" name="test_offline_branch_id_persists_when_provided" time="0.338" /><testcase classname="backend.tests.test_lead_fields_iteration25.TestLeadsManualExtended" name="test_put_partial_update" time="0.421" /></testsuite></testsuites>